0 info it worked if it ends with ok
1 verbose cli [ 'node', '/usr/local/bin/npm', 'uninstall', '-g', 'mocha' ]
2 info using npm@1.4.28
3 info using node@v0.10.32
4 verbose lib/node_modules/mocha unbuild
5 info preuninstall mocha@2.0.1
6 info uninstall mocha@2.0.1
7 verbose true,/usr/local/lib/node_modules,/usr/local/lib/node_modules unbuild mocha@2.0.1
8 verbose /usr/local/bin,[object Object] binRoot
9 error Error: EACCES, unlink '/usr/local/bin/mocha'
9 error  { [Error: EACCES, unlink '/usr/local/bin/mocha'] errno: 3, code: 'EACCES', path: '/usr/local/bin/mocha' }
10 error Please try running this command again as root/Administrator.
11 error System Darwin 13.4.0
12 error command "node" "/usr/local/bin/npm" "uninstall" "-g" "mocha"
13 error cwd /Users/ryan/invokemedia/node/ex1
14 error node -v v0.10.32
15 error npm -v 1.4.28
16 error path /usr/local/bin/mocha
17 error code EACCES
18 error errno 3
19 error stack Error: EACCES, unlink '/usr/local/bin/mocha'
20 verbose exit [ 3, true ]
